# Logfile created on 2014-01-08 19:47:15 -0500 by logger.rb/36483
I, [2014-01-08T19:47:15.598768 #4676]  INFO -- : 0:  rake (10.1.1) from /Users/Wendy/.rvm/gems/ruby-2.0.0-p247/specifications/rake-10.1.1.gemspec
I, [2014-01-08T19:47:15.599393 #4676]  INFO -- : 0:  i18n (0.6.9) from /Users/Wendy/.rvm/gems/ruby-2.0.0-p247/specifications/i18n-0.6.9.gemspec
I, [2014-01-08T19:47:15.599878 #4676]  INFO -- : 0:  minitest (4.7.5) from /Users/Wendy/.rvm/gems/ruby-2.0.0-p247/specifications/minitest-4.7.5.gemspec
I, [2014-01-08T19:47:15.600491 #4676]  INFO -- : 0:  multi_json (1.8.2) from /Users/Wendy/.rvm/gems/ruby-2.0.0-p247/specifications/multi_json-1.8.2.gemspec
I, [2014-01-08T19:47:15.600996 #4676]  INFO -- : 0:  atomic (1.1.14) from /Users/Wendy/.rvm/gems/ruby-2.0.0-p247/specifications/atomic-1.1.14.gemspec
I, [2014-01-08T19:47:15.601425 #4676]  INFO -- : 0:  thread_safe (0.1.3) from /Users/Wendy/.rvm/gems/ruby-2.0.0-p247/specifications/thread_safe-0.1.3.gemspec
I, [2014-01-08T19:47:15.601827 #4676]  INFO -- : 0:  tzinfo (0.3.38) from /Users/Wendy/.rvm/gems/ruby-2.0.0-p247/specifications/tzinfo-0.3.38.gemspec
I, [2014-01-08T19:47:15.602224 #4676]  INFO -- : 0:  activesupport (4.0.2) from /Users/Wendy/.rvm/gems/ruby-2.0.0-p247/specifications/activesupport-4.0.2.gemspec
I, [2014-01-08T19:47:15.602639 #4676]  INFO -- : 0:  builder (3.1.4) from /Users/Wendy/.rvm/gems/ruby-2.0.0-p247/specifications/builder-3.1.4.gemspec
I, [2014-01-08T19:47:15.603118 #4676]  INFO -- : 0:  activemodel (4.0.2) from /Users/Wendy/.rvm/gems/ruby-2.0.0-p247/specifications/activemodel-4.0.2.gemspec
I, [2014-01-08T19:47:15.603585 #4676]  INFO -- : 0:  activerecord-deprecated_finders (1.0.3) from /Users/Wendy/.rvm/gems/ruby-2.0.0-p247/specifications/activerecord-deprecated_finders-1.0.3.gemspec
I, [2014-01-08T19:47:15.604060 #4676]  INFO -- : 0:  arel (4.0.1) from /Users/Wendy/.rvm/gems/ruby-2.0.0-p247/specifications/arel-4.0.1.gemspec
I, [2014-01-08T19:47:15.604507 #4676]  INFO -- : 0:  activerecord (4.0.2) from /Users/Wendy/.rvm/gems/ruby-2.0.0-p247/specifications/activerecord-4.0.2.gemspec
I, [2014-01-08T19:47:15.604966 #4676]  INFO -- : 0:  bcrypt-ruby (3.1.2) from /Users/Wendy/.rvm/gems/ruby-2.0.0-p247/specifications/bcrypt-ruby-3.1.2.gemspec
I, [2014-01-08T19:47:15.605459 #4676]  INFO -- : 0:  chronic (0.10.2) from /Users/Wendy/.rvm/gems/ruby-2.0.0-p247/specifications/chronic-0.10.2.gemspec
I, [2014-01-08T19:47:15.605838 #4676]  INFO -- : 0:  tilt (1.4.1) from /Users/Wendy/.rvm/gems/ruby-2.0.0-p247/specifications/tilt-1.4.1.gemspec
I, [2014-01-08T19:47:15.606276 #4676]  INFO -- : 0:  haml (4.0.4) from /Users/Wendy/.rvm/gems/ruby-2.0.0-p247/specifications/haml-4.0.4.gemspec
I, [2014-01-08T19:47:19.317362 #4676]  INFO -- : 0:  json (1.8.1) from /Users/Wendy/.rvm/gems/ruby-2.0.0-p247/specifications/json-1.8.1.gemspec
I, [2014-01-08T19:47:21.209439 #4676]  INFO -- : 0:  mime-types (2.0) from /Users/Wendy/.rvm/gems/ruby-2.0.0-p247/specifications/mime-types-2.0.gemspec
I, [2014-01-08T19:47:21.210053 #4676]  INFO -- : 0:  rack (1.5.2) from /Users/Wendy/.rvm/gems/ruby-2.0.0-p247/specifications/rack-1.5.2.gemspec
I, [2014-01-08T19:47:21.229788 #4676]  INFO -- : 0:  rack-flash3 (1.0.5) from /Users/Wendy/.rvm/gems/ruby-2.0.0-p247/bundler/gems/rack-flash-20e393cdce03/rack-flash3.gemspec
I, [2014-01-08T19:47:21.230300 #4676]  INFO -- : 0:  rack-protection (1.5.1) from /Users/Wendy/.rvm/gems/ruby-2.0.0-p247/specifications/rack-protection-1.5.1.gemspec
I, [2014-01-08T19:47:22.063261 #4676]  INFO -- : 0:  rest-client (1.6.7) from /Users/Wendy/.rvm/gems/ruby-2.0.0-p247/specifications/rest-client-1.6.7.gemspec
I, [2014-01-08T19:47:22.063730 #4676]  INFO -- : 0:  sinatra (1.4.4) from /Users/Wendy/.rvm/gems/ruby-2.0.0-p247/specifications/sinatra-1.4.4.gemspec
I, [2014-01-08T19:47:22.064037 #4676]  INFO -- : 0:  sinatra-activerecord (1.2.3) from /Users/Wendy/.rvm/gems/ruby-2.0.0-p247/specifications/sinatra-activerecord-1.2.3.gemspec
I, [2014-01-08T19:47:22.064413 #4676]  INFO -- : 0:  sqlite3 (1.3.8) from /Users/Wendy/.rvm/gems/ruby-2.0.0-p247/specifications/sqlite3-1.3.8.gemspec
I, [2014-01-08T19:47:22.089297 #4676]  INFO -- : 0:  stock_quote (1.1.2) from /Users/Wendy/.rvm/gems/ruby-2.0.0-p247/bundler/gems/stock_quote_patched-3309b3dd91bd/stock_quote.gemspec
I, [2014-01-08T19:47:22.089812 #4676]  INFO -- : 0:  bundler (1.5.1) from /Users/Wendy/.rvm/gems/ruby-2.0.0-p247/specifications/bundler-1.5.1.gemspec
